0 info it worked if it ends with ok
1 verbose cli [ '/usr/bin/nodejs', '/usr/bin/npm', 'install', 'dev' ]
2 info using npm@3.5.2
3 info using node@v4.2.6
4 silly loadCurrentTree Starting
5 silly install loadCurrentTree
6 silly install readLocalPackageData
7 silly fetchPackageMetaData dev
8 silly fetchNamedPackageData dev
9 silly mapToRegistry name dev
10 silly mapToRegistry using default registry
11 silly mapToRegistry registry https://registry.npmjs.org/
12 silly mapToRegistry uri https://registry.npmjs.org/dev
13 verbose request uri https://registry.npmjs.org/dev
14 verbose request no auth needed
15 info attempt registry request try #1 at 10:50:56 AM
16 verbose request id cc34925d2eca3080
17 verbose etag "5a1fd36a-2347"
18 verbose lastModified Thu, 30 Nov 2017 9:46:18 GMT
19 http request GET https://registry.npmjs.org/dev
20 http 304 https://registry.npmjs.org/dev
21 verbose headers { date: 'Mon, 29 Jan 2018 08:50:57 GMT',
21 verbose headers   via: '1.1 varnish',
21 verbose headers   'cache-control': 'max-age=300',
21 verbose headers   etag: '"5a1fd36a-2347"',
21 verbose headers   age: '5923',
21 verbose headers   connection: 'keep-alive',
21 verbose headers   'x-served-by': 'cache-hhn1529-HHN',
21 verbose headers   'x-cache': 'HIT',
21 verbose headers   'x-cache-hits': '1',
21 verbose headers   'x-timer': 'S1517215857.234540,VS0,VE1',
21 verbose headers   vary: 'Accept-Encoding, Accept' }
22 silly get cb [ 304,
22 silly get   { date: 'Mon, 29 Jan 2018 08:50:57 GMT',
22 silly get     via: '1.1 varnish',
22 silly get     'cache-control': 'max-age=300',
22 silly get     etag: '"5a1fd36a-2347"',
22 silly get     age: '5923',
22 silly get     connection: 'keep-alive',
22 silly get     'x-served-by': 'cache-hhn1529-HHN',
22 silly get     'x-cache': 'HIT',
22 silly get     'x-cache-hits': '1',
22 silly get     'x-timer': 'S1517215857.234540,VS0,VE1',
22 silly get     vary: 'Accept-Encoding, Accept' } ]
23 verbose etag https://registry.npmjs.org/dev from cache
24 verbose get saving dev to /home/alin/.npm/registry.npmjs.org/dev/.cache.json
25 silly install normalizeTree
26 silly loadCurrentTree Finishing
27 silly loadIdealTree Starting
28 silly install loadIdealTree
29 silly cloneCurrentTree Starting
30 silly install cloneCurrentTreeToIdealTree
31 silly cloneCurrentTree Finishing
32 silly loadShrinkwrap Starting
33 silly install loadShrinkwrap
34 silly loadShrinkwrap Finishing
35 silly loadAllDepsIntoIdealTree Starting
36 silly install loadAllDepsIntoIdealTree
37 silly resolveWithNewModule dev@0.1.3 checking installable status
38 silly cache add args [ 'dev', null ]
39 verbose cache add spec dev
40 silly cache add parsed spec Result {
40 silly cache add   raw: 'dev',
40 silly cache add   scope: null,
40 silly cache add   name: 'dev',
40 silly cache add   rawSpec: '',
40 silly cache add   spec: 'latest',
40 silly cache add   type: 'tag' }
41 silly addNamed dev@latest
42 verbose addNamed "latest" is being treated as a dist-tag for dev
43 info addNameTag [ 'dev', 'latest' ]
44 silly mapToRegistry name dev
45 silly mapToRegistry using default registry
46 silly mapToRegistry registry https://registry.npmjs.org/
47 silly mapToRegistry uri https://registry.npmjs.org/dev
48 verbose addNameTag registry:https://registry.npmjs.org/dev not in flight; fetching
49 verbose get https://registry.npmjs.org/dev not expired, no request
50 silly addNameTag next cb for dev with tag latest
51 silly addNamed dev@0.1.3
52 verbose addNamed "0.1.3" is a plain semver version for dev
53 silly cache afterAdd dev@0.1.3
54 verbose afterAdd /home/alin/.npm/dev/0.1.3/package/package.json not in flight; writing
55 verbose afterAdd /home/alin/.npm/dev/0.1.3/package/package.json written
56 silly fetchNamedPackageData inotify
57 silly mapToRegistry name inotify
58 silly mapToRegistry using default registry
59 silly mapToRegistry registry https://registry.npmjs.org/
60 silly mapToRegistry uri https://registry.npmjs.org/inotify
61 verbose request uri https://registry.npmjs.org/inotify
62 verbose request no auth needed
63 info attempt registry request try #1 at 10:50:57 AM
64 verbose etag "59b59b07-79fe"
65 verbose lastModified Sun, 10 Sep 2017 20:05:27 GMT
66 http request GET https://registry.npmjs.org/inotify
67 http 304 https://registry.npmjs.org/inotify
68 verbose headers { date: 'Mon, 29 Jan 2018 08:50:57 GMT',
68 verbose headers   via: '1.1 varnish',
68 verbose headers   'cache-control': 'max-age=300',
68 verbose headers   etag: '"59b59b07-79fe"',
68 verbose headers   age: '5923',
68 verbose headers   connection: 'keep-alive',
68 verbose headers   'x-served-by': 'cache-hhn1534-HHN',
68 verbose headers   'x-cache': 'HIT',
68 verbose headers   'x-cache-hits': '1',
68 verbose headers   'x-timer': 'S1517215858.609103,VS0,VE1',
68 verbose headers   vary: 'Accept-Encoding, Accept' }
69 silly get cb [ 304,
69 silly get   { date: 'Mon, 29 Jan 2018 08:50:57 GMT',
69 silly get     via: '1.1 varnish',
69 silly get     'cache-control': 'max-age=300',
69 silly get     etag: '"59b59b07-79fe"',
69 silly get     age: '5923',
69 silly get     connection: 'keep-alive',
69 silly get     'x-served-by': 'cache-hhn1534-HHN',
69 silly get     'x-cache': 'HIT',
69 silly get     'x-cache-hits': '1',
69 silly get     'x-timer': 'S1517215858.609103,VS0,VE1',
69 silly get     vary: 'Accept-Encoding, Accept' } ]
70 verbose etag https://registry.npmjs.org/inotify from cache
71 verbose get saving inotify to /home/alin/.npm/registry.npmjs.org/inotify/.cache.json
72 silly resolveWithNewModule inotify@1.4.2 checking installable status
73 silly cache add args [ 'inotify@>= 0.1.6', null ]
74 verbose cache add spec inotify@>= 0.1.6
75 silly cache add parsed spec Result {
75 silly cache add   raw: 'inotify@>= 0.1.6',
75 silly cache add   scope: null,
75 silly cache add   name: 'inotify',
75 silly cache add   rawSpec: '>= 0.1.6',
75 silly cache add   spec: '>=0.1.6',
75 silly cache add   type: 'range' }
76 silly addNamed inotify@>=0.1.6
77 verbose addNamed ">=0.1.6" is a valid semver range for inotify
78 silly addNameRange { name: 'inotify', range: '>=0.1.6', hasData: false }
79 silly mapToRegistry name inotify
80 silly mapToRegistry using default registry
81 silly mapToRegistry registry https://registry.npmjs.org/
82 silly mapToRegistry uri https://registry.npmjs.org/inotify
83 verbose addNameRange registry:https://registry.npmjs.org/inotify not in flight; fetching
84 verbose get https://registry.npmjs.org/inotify not expired, no request
85 silly addNameRange number 2 { name: 'inotify', range: '>=0.1.6', hasData: true }
86 silly addNameRange versions [ 'inotify',
86 silly addNameRange   [ '0.1.2',
86 silly addNameRange     '0.1.3',
86 silly addNameRange     '0.1.4',
86 silly addNameRange     '0.1.5',
86 silly addNameRange     '0.1.6',
86 silly addNameRange     '0.1.7',
86 silly addNameRange     '0.1.8',
86 silly addNameRange     '0.2.0',
86 silly addNameRange     '0.2.1',
86 silly addNameRange     '0.2.2',
86 silly addNameRange     '1.0.0',
86 silly addNameRange     '1.1.0',
86 silly addNameRange     '1.2.0',
86 silly addNameRange     '1.2.1',
86 silly addNameRange     '1.3.0',
86 silly addNameRange     '1.4.0',
86 silly addNameRange     '1.4.1',
86 silly addNameRange     '1.4.2' ] ]
87 silly addNamed inotify@1.4.2
88 verbose addNamed "1.4.2" is a plain semver version for inotify
89 silly cache afterAdd inotify@1.4.2
90 verbose afterAdd /home/alin/.npm/inotify/1.4.2/package/package.json not in flight; writing
91 verbose afterAdd /home/alin/.npm/inotify/1.4.2/package/package.json written
92 silly fetchNamedPackageData bindings
93 silly mapToRegistry name bindings
94 silly mapToRegistry using default registry
95 silly mapToRegistry registry https://registry.npmjs.org/
96 silly mapToRegistry uri https://registry.npmjs.org/bindings
97 silly fetchNamedPackageData nan
98 silly mapToRegistry name nan
99 silly mapToRegistry using default registry
100 silly mapToRegistry registry https://registry.npmjs.org/
101 silly mapToRegistry uri https://registry.npmjs.org/nan
102 verbose request uri https://registry.npmjs.org/bindings
103 verbose request no auth needed
104 info attempt registry request try #1 at 10:50:57 AM
105 verbose etag "5a1d3205-4c42"
106 verbose lastModified Tue, 28 Nov 2017 9:53:09 GMT
107 http request GET https://registry.npmjs.org/bindings
108 verbose request uri https://registry.npmjs.org/nan
109 verbose request no auth needed
110 info attempt registry request try #1 at 10:50:57 AM
111 verbose etag "5a3ad7f1-20c2f"
112 verbose lastModified Wed, 20 Dec 2017 21:36:49 GMT
113 http request GET https://registry.npmjs.org/nan
114 http 304 https://registry.npmjs.org/bindings
115 verbose headers { date: 'Mon, 29 Jan 2018 08:50:57 GMT',
115 verbose headers   via: '1.1 varnish',
115 verbose headers   'cache-control': 'max-age=300',
115 verbose headers   etag: '"5a1d3205-4c42"',
115 verbose headers   age: '9045',
115 verbose headers   connection: 'keep-alive',
115 verbose headers   'x-served-by': 'cache-hhn1541-HHN',
115 verbose headers   'x-cache': 'HIT',
115 verbose headers   'x-cache-hits': '26',
115 verbose headers   'x-timer': 'S1517215858.895239,VS0,VE0',
115 verbose headers   vary: 'Accept-Encoding, Accept' }
116 silly get cb [ 304,
116 silly get   { date: 'Mon, 29 Jan 2018 08:50:57 GMT',
116 silly get     via: '1.1 varnish',
116 silly get     'cache-control': 'max-age=300',
116 silly get     etag: '"5a1d3205-4c42"',
116 silly get     age: '9045',
116 silly get     connection: 'keep-alive',
116 silly get     'x-served-by': 'cache-hhn1541-HHN',
116 silly get     'x-cache': 'HIT',
116 silly get     'x-cache-hits': '26',
116 silly get     'x-timer': 'S1517215858.895239,VS0,VE0',
116 silly get     vary: 'Accept-Encoding, Accept' } ]
117 verbose etag https://registry.npmjs.org/bindings from cache
118 verbose get saving bindings to /home/alin/.npm/registry.npmjs.org/bindings/.cache.json
119 http 304 https://registry.npmjs.org/nan
120 verbose headers { date: 'Mon, 29 Jan 2018 08:50:57 GMT',
120 verbose headers   via: '1.1 varnish',
120 verbose headers   'cache-control': 'max-age=300',
120 verbose headers   etag: '"5a3ad7f1-20c2f"',
120 verbose headers   age: '10410',
120 verbose headers   connection: 'keep-alive',
120 verbose headers   'x-served-by': 'cache-hhn1537-HHN',
120 verbose headers   'x-cache': 'HIT',
120 verbose headers   'x-cache-hits': '122',
120 verbose headers   'x-timer': 'S1517215858.895843,VS0,VE0',
120 verbose headers   vary: 'Accept-Encoding, Accept' }
121 silly get cb [ 304,
121 silly get   { date: 'Mon, 29 Jan 2018 08:50:57 GMT',
121 silly get     via: '1.1 varnish',
121 silly get     'cache-control': 'max-age=300',
121 silly get     etag: '"5a3ad7f1-20c2f"',
121 silly get     age: '10410',
121 silly get     connection: 'keep-alive',
121 silly get     'x-served-by': 'cache-hhn1537-HHN',
121 silly get     'x-cache': 'HIT',
121 silly get     'x-cache-hits': '122',
121 silly get     'x-timer': 'S1517215858.895843,VS0,VE0',
121 silly get     vary: 'Accept-Encoding, Accept' } ]
122 verbose etag https://registry.npmjs.org/nan from cache
123 verbose get saving nan to /home/alin/.npm/registry.npmjs.org/nan/.cache.json
124 silly resolveWithNewModule bindings@1.3.0 checking installable status
125 silly cache add args [ 'bindings@^1.2.1', null ]
126 verbose cache add spec bindings@^1.2.1
127 silly cache add parsed spec Result {
127 silly cache add   raw: 'bindings@^1.2.1',
127 silly cache add   scope: null,
127 silly cache add   name: 'bindings',
127 silly cache add   rawSpec: '^1.2.1',
127 silly cache add   spec: '>=1.2.1 <2.0.0',
127 silly cache add   type: 'range' }
128 silly addNamed bindings@>=1.2.1 <2.0.0
129 verbose addNamed ">=1.2.1 <2.0.0" is a valid semver range for bindings
130 silly addNameRange { name: 'bindings', range: '>=1.2.1 <2.0.0', hasData: false }
131 silly mapToRegistry name bindings
132 silly mapToRegistry using default registry
133 silly mapToRegistry registry https://registry.npmjs.org/
134 silly mapToRegistry uri https://registry.npmjs.org/bindings
135 verbose addNameRange registry:https://registry.npmjs.org/bindings not in flight; fetching
136 silly resolveWithNewModule nan@2.8.0 checking installable status
137 silly cache add args [ 'nan@^2.3.3', null ]
138 verbose cache add spec nan@^2.3.3
139 silly cache add parsed spec Result {
139 silly cache add   raw: 'nan@^2.3.3',
139 silly cache add   scope: null,
139 silly cache add   name: 'nan',
139 silly cache add   rawSpec: '^2.3.3',
139 silly cache add   spec: '>=2.3.3 <3.0.0',
139 silly cache add   type: 'range' }
140 silly addNamed nan@>=2.3.3 <3.0.0
141 verbose addNamed ">=2.3.3 <3.0.0" is a valid semver range for nan
142 silly addNameRange { name: 'nan', range: '>=2.3.3 <3.0.0', hasData: false }
143 silly mapToRegistry name nan
144 silly mapToRegistry using default registry
145 silly mapToRegistry registry https://registry.npmjs.org/
146 silly mapToRegistry uri https://registry.npmjs.org/nan
147 verbose addNameRange registry:https://registry.npmjs.org/nan not in flight; fetching
148 verbose get https://registry.npmjs.org/nan not expired, no request
149 silly addNameRange number 2 { name: 'nan', range: '>=2.3.3 <3.0.0', hasData: true }
150 silly addNameRange versions [ 'nan',
150 silly addNameRange   [ '0.3.0-wip',
150 silly addNameRange     '0.3.0-wip2',
150 silly addNameRange     '0.3.0',
150 silly addNameRange     '0.3.1',
150 silly addNameRange     '0.3.2',
150 silly addNameRange     '0.4.0',
150 silly addNameRange     '0.4.1',
150 silly addNameRange     '0.4.2',
150 silly addNameRange     '0.4.3',
150 silly addNameRange     '0.4.4',
150 silly addNameRange     '0.5.0',
150 silly addNameRange     '0.5.1',
150 silly addNameRange     '0.5.2',
150 silly addNameRange     '0.6.0',
150 silly addNameRange     '0.7.0',
150 silly addNameRange     '0.7.1',
150 silly addNameRange     '0.8.0',
150 silly addNameRange     '1.0.0',
150 silly addNameRange     '1.1.0',
150 silly addNameRange     '1.1.1',
150 silly addNameRange     '1.1.2',
150 silly addNameRange     '1.2.0',
150 silly addNameRange     '1.3.0',
150 silly addNameRange     '1.4.0',
150 silly addNameRange     '1.4.1',
150 silly addNameRange     '1.5.0',
150 silly addNameRange     '1.4.2',
150 silly addNameRange     '1.4.3',
150 silly addNameRange     '1.5.1',
150 silly addNameRange     '1.5.2',
150 silly addNameRange     '1.6.0',
150 silly addNameRange     '1.5.3',
150 silly addNameRange     '1.6.1',
150 silly addNameRange     '1.6.2',
150 silly addNameRange     '1.7.0',
150 silly addNameRange     '1.8.0',
150 silly addNameRange     '1.8.1',
150 silly addNameRange     '1.8.2',
150 silly addNameRange     '1.8.3',
150 silly addNameRange     '1.8.4',
150 silly addNameRange     '1.9.0',
150 silly addNameRange     '2.0.0',
150 silly addNameRange     '2.0.1',
150 silly addNameRange     '2.0.2',
150 silly addNameRange     '2.0.3',
150 silly addNameRange     '2.0.4',
150 silly addNameRange     '2.0.5',
150 silly addNameRange     '2.0.6',
150 silly addNameRange     '2.0.7',
150 silly addNameRange     '2.0.8',
150 silly addNameRange     '2.0.9',
150 silly addNameRange     '2.1.0',
150 silly addNameRange     '2.2.0',
150 silly addNameRange     '2.2.1',
150 silly addNameRange     '2.3.0',
150 silly addNameRange     '2.3.1',
150 silly addNameRange     '2.3.2',
150 silly addNameRange     '2.3.3',
150 silly addNameRange     '2.3.4',
150 silly addNameRange     '2.3.5',
150 silly addNameRange     '2.4.0',
150 silly addNameRange     '2.5.0',
150 silly addNameRange     '2.5.1',
150 silly addNameRange     '2.6.0',
150 silly addNameRange     '2.6.1',
150 silly addNameRange     '2.6.2',
150 silly addNameRange     '2.7.0',
150 silly addNameRange     '2.8.0' ] ]
151 silly addNamed nan@2.8.0
152 verbose addNamed "2.8.0" is a plain semver version for nan
153 verbose get https://registry.npmjs.org/bindings not expired, no request
154 silly addNameRange number 2 { name: 'bindings', range: '>=1.2.1 <2.0.0', hasData: true }
155 silly addNameRange versions [ 'bindings',
155 silly addNameRange   [ '0.0.1',
155 silly addNameRange     '0.1.0',
155 silly addNameRange     '0.1.1',
155 silly addNameRange     '0.2.0',
155 silly addNameRange     '0.2.1',
155 silly addNameRange     '0.2.2',
155 silly addNameRange     '0.2.3',
155 silly addNameRange     '0.2.4',
155 silly addNameRange     '0.3.0',
155 silly addNameRange     '0.4.0',
155 silly addNameRange     '1.0.0',
155 silly addNameRange     '1.1.0',
155 silly addNameRange     '1.1.1',
155 silly addNameRange     '1.2.0',
155 silly addNameRange     '1.2.1',
155 silly addNameRange     '1.3.0' ] ]
156 silly addNamed bindings@1.3.0
157 verbose addNamed "1.3.0" is a plain semver version for bindings
158 silly cache afterAdd nan@2.8.0
159 verbose afterAdd /home/alin/.npm/nan/2.8.0/package/package.json not in flight; writing
160 silly cache afterAdd bindings@1.3.0
161 verbose afterAdd /home/alin/.npm/bindings/1.3.0/package/package.json not in flight; writing
162 verbose afterAdd /home/alin/.npm/nan/2.8.0/package/package.json written
163 verbose afterAdd /home/alin/.npm/bindings/1.3.0/package/package.json written
164 silly loadAllDepsIntoIdealTree Finishing
165 silly idealTree:prePrune angularjs-starter@0.0.1
165 silly idealTree:prePrune ├── bindings@1.3.0
165 silly idealTree:prePrune ├── dev@0.1.3
165 silly idealTree:prePrune ├── inotify@1.4.2
165 silly idealTree:prePrune └── nan@2.8.0
166 silly loadIdealTree Finishing
167 silly currentTree angularjs-starter@0.0.1
168 silly idealTree angularjs-starter@0.0.1
168 silly idealTree ├── bindings@1.3.0
168 silly idealTree ├── dev@0.1.3
168 silly idealTree ├── inotify@1.4.2
168 silly idealTree └── nan@2.8.0
169 silly generateActionsToTake Starting
170 silly install generateActionsToTake
171 silly generateActionsToTake Finishing
172 silly diffTrees action count 4
173 silly diffTrees add bindings@1.3.0
174 silly diffTrees add nan@2.8.0
175 silly diffTrees add inotify@1.4.2
176 silly diffTrees add dev@0.1.3
177 silly decomposeActions action count 32
178 silly decomposeActions fetch bindings@1.3.0
179 silly decomposeActions extract bindings@1.3.0
180 silly decomposeActions test bindings@1.3.0
181 silly decomposeActions preinstall bindings@1.3.0
182 silly decomposeActions build bindings@1.3.0
183 silly decomposeActions install bindings@1.3.0
184 silly decomposeActions postinstall bindings@1.3.0
185 silly decomposeActions finalize bindings@1.3.0
186 silly decomposeActions fetch nan@2.8.0
187 silly decomposeActions extract nan@2.8.0
188 silly decomposeActions test nan@2.8.0
189 silly decomposeActions preinstall nan@2.8.0
190 silly decomposeActions build nan@2.8.0
191 silly decomposeActions install nan@2.8.0
192 silly decomposeActions postinstall nan@2.8.0
193 silly decomposeActions finalize nan@2.8.0
194 silly decomposeActions fetch inotify@1.4.2
195 silly decomposeActions extract inotify@1.4.2
196 silly decomposeActions test inotify@1.4.2
197 silly decomposeActions preinstall inotify@1.4.2
198 silly decomposeActions build inotify@1.4.2
199 silly decomposeActions install inotify@1.4.2
200 silly decomposeActions postinstall inotify@1.4.2
201 silly decomposeActions finalize inotify@1.4.2
202 silly decomposeActions fetch dev@0.1.3
203 silly decomposeActions extract dev@0.1.3
204 silly decomposeActions test dev@0.1.3
205 silly decomposeActions preinstall dev@0.1.3
206 silly decomposeActions build dev@0.1.3
207 silly decomposeActions install dev@0.1.3
208 silly decomposeActions postinstall dev@0.1.3
209 silly decomposeActions finalize dev@0.1.3
210 silly executeActions Starting
211 silly install executeActions
212 silly doSerial global-install 0
213 silly doParallel fetch 4
214 verbose lock using /home/alin/.npm/_locks/staging-da762f72e1afb10e.lock for /home/alin/Downloads/sonic-training-master/node_modules/.staging
215 silly doParallel extract 4
216 silly extract bindings@1.3.0
217 silly extract nan@2.8.0
218 silly extract inotify@1.4.2
219 silly extract dev@0.1.3
220 verbose unbuild node_modules/.staging/bindings-6f634477
221 verbose unbuild node_modules/.staging/inotify-8dec6e72
222 verbose unbuild node_modules/.staging/dev-76a29977
223 silly gentlyRm /home/alin/Downloads/sonic-training-master/node_modules/.staging/bindings-6f634477 is being purged from base /home/alin/Downloads/sonic-training-master
224 verbose gentlyRm don't care about contents; nuking /home/alin/Downloads/sonic-training-master/node_modules/.staging/bindings-6f634477
225 silly gentlyRm /home/alin/Downloads/sonic-training-master/node_modules/.staging/inotify-8dec6e72 is being purged from base /home/alin/Downloads/sonic-training-master
226 verbose gentlyRm don't care about contents; nuking /home/alin/Downloads/sonic-training-master/node_modules/.staging/inotify-8dec6e72
227 verbose tar unpack /home/alin/.npm/bindings/1.3.0/package.tgz
228 verbose tar unpacking to /home/alin/Downloads/sonic-training-master/node_modules/.staging/bindings-6f634477
229 silly gentlyRm /home/alin/Downloads/sonic-training-master/node_modules/.staging/bindings-6f634477 is being purged
230 verbose gentlyRm don't care about contents; nuking /home/alin/Downloads/sonic-training-master/node_modules/.staging/bindings-6f634477
231 silly gentlyRm /home/alin/Downloads/sonic-training-master/node_modules/.staging/dev-76a29977 is being purged from base /home/alin/Downloads/sonic-training-master
232 verbose gentlyRm don't care about contents; nuking /home/alin/Downloads/sonic-training-master/node_modules/.staging/dev-76a29977
233 verbose tar unpack /home/alin/.npm/inotify/1.4.2/package.tgz
234 verbose tar unpacking to /home/alin/Downloads/sonic-training-master/node_modules/.staging/inotify-8dec6e72
235 silly gentlyRm /home/alin/Downloads/sonic-training-master/node_modules/.staging/inotify-8dec6e72 is being purged
236 verbose gentlyRm don't care about contents; nuking /home/alin/Downloads/sonic-training-master/node_modules/.staging/inotify-8dec6e72
237 silly gunzTarPerm modes [ '775', '664' ]
238 verbose tar unpack /home/alin/.npm/dev/0.1.3/package.tgz
239 verbose tar unpacking to /home/alin/Downloads/sonic-training-master/node_modules/.staging/dev-76a29977
240 silly gentlyRm /home/alin/Downloads/sonic-training-master/node_modules/.staging/dev-76a29977 is being purged
241 verbose gentlyRm don't care about contents; nuking /home/alin/Downloads/sonic-training-master/node_modules/.staging/dev-76a29977
242 silly gunzTarPerm modes [ '775', '664' ]
243 verbose unbuild node_modules/.staging/nan-4dba4a0d
244 silly gunzTarPerm modes [ '775', '664' ]
245 silly gentlyRm /home/alin/Downloads/sonic-training-master/node_modules/.staging/nan-4dba4a0d is being purged from base /home/alin/Downloads/sonic-training-master
246 verbose gentlyRm don't care about contents; nuking /home/alin/Downloads/sonic-training-master/node_modules/.staging/nan-4dba4a0d
247 verbose tar unpack /home/alin/.npm/nan/2.8.0/package.tgz
248 verbose tar unpacking to /home/alin/Downloads/sonic-training-master/node_modules/.staging/nan-4dba4a0d
249 silly gentlyRm /home/alin/Downloads/sonic-training-master/node_modules/.staging/nan-4dba4a0d is being purged
250 verbose gentlyRm don't care about contents; nuking /home/alin/Downloads/sonic-training-master/node_modules/.staging/nan-4dba4a0d
251 silly gunzTarPerm modes [ '775', '664' ]
252 silly gunzTarPerm extractEntry package.json
253 silly gunzTarPerm modified mode [ 'package.json', 420, 436 ]
254 silly gunzTarPerm extractEntry package.json
255 silly gunzTarPerm modified mode [ 'package.json', 420, 436 ]
256 silly gunzTarPerm extractEntry index.js
257 silly gunzTarPerm modified mode [ 'index.js', 420, 436 ]
258 silly gunzTarPerm extractEntry README.md
259 silly gunzTarPerm modified mode [ 'README.md', 420, 436 ]
260 silly gunzTarPerm extractEntry bindings.js
261 silly gunzTarPerm modified mode [ 'bindings.js', 420, 436 ]
262 silly gunzTarPerm extractEntry .npmignore
263 silly gunzTarPerm modified mode [ '.npmignore', 420, 436 ]
264 silly gunzTarPerm extractEntry README.md
265 silly gunzTarPerm modified mode [ 'README.md', 420, 436 ]
266 silly gunzTarPerm extractEntry package.json
267 silly gunzTarPerm extractEntry .npmignore
268 silly gunzTarPerm modified mode [ '.npmignore', 420, 436 ]
269 silly gunzTarPerm extractEntry readme.md
270 silly gunzTarPerm modified mode [ 'readme.md', 484, 500 ]
271 silly gunzTarPerm extractEntry README.md
272 silly gunzTarPerm extractEntry include_dirs.js
273 silly gunzTarPerm extractEntry package.json
274 silly gunzTarPerm modified mode [ 'package.json', 484, 500 ]
275 silly gunzTarPerm extractEntry node-dev.sh
276 silly gunzTarPerm modified mode [ 'node-dev.sh', 484, 500 ]
277 silly gunzTarPerm extractEntry nan_converters_43_inl.h
278 silly gunzTarPerm extractEntry LICENSE.md
279 silly gunzTarPerm extractEntry doc/new.md
280 silly gunzTarPerm extractEntry doc/asyncworker.md
281 silly gunzTarPerm extractEntry LICENSE
282 silly gunzTarPerm modified mode [ 'LICENSE', 420, 436 ]
283 silly gunzTarPerm extractEntry example.js
284 silly gunzTarPerm modified mode [ 'example.js', 420, 436 ]
285 silly gunzTarPerm extractEntry manager.js
286 silly gunzTarPerm modified mode [ 'manager.js', 484, 500 ]
287 silly gunzTarPerm extractEntry inotify.js
288 silly gunzTarPerm modified mode [ 'inotify.js', 420, 436 ]
289 silly gunzTarPerm extractEntry doc/callback.md
290 silly gunzTarPerm extractEntry doc/converters.md
291 silly gunzTarPerm extractEntry doc/errors.md
292 silly gunzTarPerm extractEntry doc/json.md
293 silly gunzTarPerm extractEntry binding.gyp
294 silly gunzTarPerm modified mode [ 'binding.gyp', 420, 436 ]
295 silly gunzTarPerm extractEntry AUTHORS
296 silly gunzTarPerm modified mode [ 'AUTHORS', 420, 436 ]
297 silly gentlyRm /home/alin/Downloads/sonic-training-master/node_modules/.staging/bindings-6f634477/node_modules is being purged
298 verbose gentlyRm don't care about contents; nuking /home/alin/Downloads/sonic-training-master/node_modules/.staging/bindings-6f634477/node_modules
299 silly gunzTarPerm extractEntry doc/maybe_types.md
300 silly gunzTarPerm extractEntry doc/methods.md
301 silly gunzTarPerm extractEntry docker-compose.yml
302 silly gunzTarPerm modified mode [ 'docker-compose.yml', 420, 436 ]
303 silly gunzTarPerm extractEntry dockerfile
304 silly gunzTarPerm modified mode [ 'dockerfile', 420, 436 ]
305 silly gunzTarPerm extractEntry doc/buffers.md
306 silly gunzTarPerm extractEntry doc/node_misc.md
307 silly gunzTarPerm extractEntry .editorconfig
308 silly gunzTarPerm modified mode [ '.editorconfig', 420, 436 ]
309 silly gunzTarPerm extractEntry .travis.yml
310 silly gunzTarPerm modified mode [ '.travis.yml', 420, 436 ]
311 silly gunzTarPerm extractEntry Vagrantfile
312 silly gunzTarPerm modified mode [ 'Vagrantfile', 420, 436 ]
313 silly gunzTarPerm extractEntry src/bindings.cc
314 silly gunzTarPerm modified mode [ 'src/bindings.cc', 420, 436 ]
315 silly gunzTarPerm extractEntry doc/object_wrappers.md
316 silly gunzTarPerm extractEntry doc/persistent.md
317 silly gunzTarPerm extractEntry src/bindings.h
318 silly gunzTarPerm modified mode [ 'src/bindings.h', 420, 436 ]
319 silly gunzTarPerm extractEntry src/node_inotify.cc
320 silly gunzTarPerm modified mode [ 'src/node_inotify.cc', 420, 436 ]
321 silly gentlyRm /home/alin/Downloads/sonic-training-master/node_modules/.staging/dev-76a29977/node_modules is being purged
322 verbose gentlyRm don't care about contents; nuking /home/alin/Downloads/sonic-training-master/node_modules/.staging/dev-76a29977/node_modules
323 silly gunzTarPerm extractEntry doc/scopes.md
324 silly gunzTarPerm extractEntry doc/script.md
325 silly gunzTarPerm extractEntry src/node_inotify.h
326 silly gunzTarPerm modified mode [ 'src/node_inotify.h', 420, 436 ]
327 silly gunzTarPerm extractEntry doc/string_bytes.md
328 silly gunzTarPerm extractEntry doc/v8_internals.md
329 silly gunzTarPerm extractEntry doc/v8_misc.md
330 silly gunzTarPerm extractEntry nan.h
331 silly gunzTarPerm extractEntry nan_callbacks.h
332 silly gunzTarPerm extractEntry nan_callbacks_12_inl.h
333 silly gunzTarPerm extractEntry nan_callbacks_pre_12_inl.h
334 silly gunzTarPerm extractEntry nan_converters.h
335 silly gunzTarPerm extractEntry nan_converters_pre_43_inl.h
336 silly gunzTarPerm extractEntry nan_implementation_12_inl.h
337 silly gunzTarPerm extractEntry nan_implementation_pre_12_inl.h
338 silly gunzTarPerm extractEntry nan_json.h
339 silly gunzTarPerm extractEntry nan_maybe_43_inl.h
340 silly gunzTarPerm extractEntry nan_maybe_pre_43_inl.h
341 silly gunzTarPerm extractEntry nan_new.h
342 silly gunzTarPerm extractEntry nan_object_wrap.h
343 silly gunzTarPerm extractEntry nan_persistent_12_inl.h
344 silly gunzTarPerm extractEntry nan_persistent_pre_12_inl.h
345 silly gunzTarPerm extractEntry nan_private.h
346 silly gunzTarPerm extractEntry nan_string_bytes.h
347 silly gunzTarPerm extractEntry nan_typedarray_contents.h
348 silly gunzTarPerm extractEntry nan_weak.h
349 silly gunzTarPerm extractEntry CHANGELOG.md
350 silly gentlyRm /home/alin/Downloads/sonic-training-master/node_modules/.staging/inotify-8dec6e72/node_modules is being purged
351 verbose gentlyRm don't care about contents; nuking /home/alin/Downloads/sonic-training-master/node_modules/.staging/inotify-8dec6e72/node_modules
352 silly gunzTarPerm extractEntry tools/package.json
353 silly gunzTarPerm extractEntry tools/README.md
354 silly gunzTarPerm extractEntry tools/1to2.js
355 silly gentlyRm /home/alin/Downloads/sonic-training-master/node_modules/.staging/nan-4dba4a0d/node_modules is being purged
356 verbose gentlyRm don't care about contents; nuking /home/alin/Downloads/sonic-training-master/node_modules/.staging/nan-4dba4a0d/node_modules
357 silly doParallel preinstall 4
358 silly preinstall bindings@1.3.0 /home/alin/Downloads/sonic-training-master/node_modules/.staging/bindings-6f634477
359 info lifecycle bindings@1.3.0~preinstall: bindings@1.3.0
360 silly preinstall nan@2.8.0 /home/alin/Downloads/sonic-training-master/node_modules/.staging/nan-4dba4a0d
361 info lifecycle nan@2.8.0~preinstall: nan@2.8.0
362 silly preinstall inotify@1.4.2 /home/alin/Downloads/sonic-training-master/node_modules/.staging/inotify-8dec6e72
363 info lifecycle inotify@1.4.2~preinstall: inotify@1.4.2
364 silly preinstall dev@0.1.3 /home/alin/Downloads/sonic-training-master/node_modules/.staging/dev-76a29977
365 info lifecycle dev@0.1.3~preinstall: dev@0.1.3
366 silly lifecycle bindings@1.3.0~preinstall: no script for preinstall, continuing
367 silly lifecycle nan@2.8.0~preinstall: no script for preinstall, continuing
368 silly lifecycle inotify@1.4.2~preinstall: no script for preinstall, continuing
369 silly lifecycle dev@0.1.3~preinstall: no script for preinstall, continuing
370 silly doReverseSerial remove 0
371 silly doSerial move 0
372 silly doSerial finalize 4
373 silly finalize /home/alin/Downloads/sonic-training-master/node_modules/bindings
374 silly finalize /home/alin/Downloads/sonic-training-master/node_modules/nan
375 silly finalize /home/alin/Downloads/sonic-training-master/node_modules/inotify
376 silly finalize /home/alin/Downloads/sonic-training-master/node_modules/dev
377 silly doSerial build 4
378 silly build bindings@1.3.0
379 info linkStuff bindings@1.3.0
380 silly linkStuff bindings@1.3.0 has /home/alin/Downloads/sonic-training-master/node_modules as its parent node_modules
381 verbose linkBins bindings@1.3.0
382 verbose linkMans bindings@1.3.0
383 silly build nan@2.8.0
384 info linkStuff nan@2.8.0
385 silly linkStuff nan@2.8.0 has /home/alin/Downloads/sonic-training-master/node_modules as its parent node_modules
386 verbose linkBins nan@2.8.0
387 verbose linkMans nan@2.8.0
388 silly build inotify@1.4.2
389 info linkStuff inotify@1.4.2
390 silly linkStuff inotify@1.4.2 has /home/alin/Downloads/sonic-training-master/node_modules as its parent node_modules
391 verbose linkBins inotify@1.4.2
392 verbose linkMans inotify@1.4.2
393 silly build dev@0.1.3
394 info linkStuff dev@0.1.3
395 silly linkStuff dev@0.1.3 has /home/alin/Downloads/sonic-training-master/node_modules as its parent node_modules
396 warn prefer global dev@0.1.3 should be installed with -g
397 verbose linkBins dev@0.1.3
398 verbose link bins [ { 'node-dev': './node-dev.sh' },
398 verbose link bins   '/home/alin/Downloads/sonic-training-master/node_modules/.bin',
398 verbose link bins   false ]
399 verbose linkMans dev@0.1.3
400 silly doSerial global-link 0
401 silly doParallel update-linked 0
402 silly doSerial install 4
403 silly install bindings@1.3.0 /home/alin/Downloads/sonic-training-master/node_modules/.staging/bindings-6f634477
404 info lifecycle bindings@1.3.0~install: bindings@1.3.0
405 silly lifecycle bindings@1.3.0~install: no script for install, continuing
406 silly install nan@2.8.0 /home/alin/Downloads/sonic-training-master/node_modules/.staging/nan-4dba4a0d
407 info lifecycle nan@2.8.0~install: nan@2.8.0
408 silly lifecycle nan@2.8.0~install: no script for install, continuing
409 silly install inotify@1.4.2 /home/alin/Downloads/sonic-training-master/node_modules/.staging/inotify-8dec6e72
410 info lifecycle inotify@1.4.2~install: inotify@1.4.2
411 verbose lifecycle inotify@1.4.2~install: unsafe-perm in lifecycle true
412 verbose lifecycle inotify@1.4.2~install: PATH: /usr/share/npm/bin/node-gyp-bin:/home/alin/Downloads/sonic-training-master/node_modules/inotify/node_modules/.bin:/home/alin/Downloads/sonic-training-master/node_modules/.bin:/home/alin/bin:/home/alin/.local/bin:/usr/local/sbin:/usr/local/bin:/usr/sbin:/usr/bin:/sbin:/bin:/usr/games:/usr/local/games:/snap/bin
413 verbose lifecycle inotify@1.4.2~install: CWD: /home/alin/Downloads/sonic-training-master/node_modules/inotify
414 silly lifecycle inotify@1.4.2~install: Args: [ '-c', 'node-gyp rebuild' ]
415 silly lifecycle inotify@1.4.2~install: Returned: code: 1  signal: null
416 info lifecycle inotify@1.4.2~install: Failed to exec install script
417 verbose unlock done using /home/alin/.npm/_locks/staging-da762f72e1afb10e.lock for /home/alin/Downloads/sonic-training-master/node_modules/.staging
418 silly rollbackFailedOptional Starting
419 silly rollbackFailedOptional Finishing
420 silly runTopLevelLifecycles Starting
421 silly runTopLevelLifecycles Finishing
422 silly install printInstalled
423 verbose stack Error: inotify@1.4.2 install: `node-gyp rebuild`
423 verbose stack Exit status 1
423 verbose stack     at EventEmitter.<anonymous> (/usr/share/npm/lib/utils/lifecycle.js:232:16)
423 verbose stack     at emitTwo (events.js:87:13)
423 verbose stack     at EventEmitter.emit (events.js:172:7)
423 verbose stack     at ChildProcess.<anonymous> (/usr/share/npm/lib/utils/spawn.js:24:14)
423 verbose stack     at emitTwo (events.js:87:13)
423 verbose stack     at ChildProcess.emit (events.js:172:7)
423 verbose stack     at maybeClose (internal/child_process.js:821:16)
423 verbose stack     at Process.ChildProcess._handle.onexit (internal/child_process.js:211:5)
424 verbose pkgid inotify@1.4.2
425 verbose cwd /home/alin/Downloads/sonic-training-master
426 error Linux 4.13.0-31-generic
427 error argv "/usr/bin/nodejs" "/usr/bin/npm" "install" "dev"
428 error node v4.2.6
429 error npm  v3.5.2
430 error code ELIFECYCLE
431 error inotify@1.4.2 install: `node-gyp rebuild`
431 error Exit status 1
432 error Failed at the inotify@1.4.2 install script 'node-gyp rebuild'.
432 error Make sure you have the latest version of node.js and npm installed.
432 error If you do, this is most likely a problem with the inotify package,
432 error not with npm itself.
432 error Tell the author that this fails on your system:
432 error     node-gyp rebuild
432 error You can get information on how to open an issue for this project with:
432 error     npm bugs inotify
432 error Or if that isn't available, you can get their info via:
432 error     npm owner ls inotify
432 error There is likely additional logging output above.
433 verbose exit [ 1, true ]
